C:\USERS\MTERAGNI\DESKTOP\IMAGEANALYZER - FOR ETOYS 3\DEBUG\.NETFRAMEWORK,VERSION=V4.0.ASSEMBLYATTRIBUTES.OBJ
C:\USERS\MTERAGNI\DESKTOP\IMAGEANALYZER - FOR ETOYS 3\DEBUG\APP.RES
C:\Users\MTeragni\Desktop\ImageAnalyzer - for etoys 3\Debug\cl.command.1.tlog
C:\Users\MTeragni\Desktop\ImageAnalyzer - for etoys 3\Debug\CL.read.1.tlog
C:\Users\MTeragni\Desktop\ImageAnalyzer - for etoys 3\Debug\CL.write.1.tlog
C:\USERS\MTERAGNI\DESKTOP\IMAGEANALYZER - FOR ETOYS 3\DEBUG\IMAGEANALYZER.DLL
C:\USERS\MTERAGNI\DESKTOP\IMAGEANALYZER - FOR ETOYS 3\DEBUG\IMAGEANALYZER.DLL.INTERMEDIATE.MANIFEST
C:\Users\MTeragni\Desktop\ImageAnalyzer - for etoys 3\Debug\ImageAnalyzer.exp
C:\USERS\MTERAGNI\DESKTOP\IMAGEANALYZER - FOR ETOYS 3\DEBUG\IMAGEANALYZER.ILK
C:\Users\MTeragni\Desktop\ImageAnalyzer - for etoys 3\Debug\ImageAnalyzer.lib
C:\USERS\MTERAGNI\DESKTOP\IMAGEANALYZER - FOR ETOYS 3\DEBUG\IMAGEANALYZER.OBJ
C:\USERS\MTERAGNI\DESKTOP\IMAGEANALYZER - FOR ETOYS 3\DEBUG\IMAGEANALYZER.PCH
C:\USERS\MTERAGNI\DESKTOP\IMAGEANALYZER - FOR ETOYS 3\DEBUG\IMAGEANALYZER.PDB
C:\Users\MTeragni\Desktop\ImageAnalyzer - for etoys 3\Debug\ImageAnalyzer.write.1.tlog
C:\Users\MTeragni\Desktop\ImageAnalyzer - for etoys 3\Debug\link.1056.read.1.tlog
C:\Users\MTeragni\Desktop\ImageAnalyzer - for etoys 3\Debug\link.1056.write.1.tlog
C:\Users\MTeragni\Desktop\ImageAnalyzer - for etoys 3\Debug\link.1056-cvtres.read.1.tlog
C:\Users\MTeragni\Desktop\ImageAnalyzer - for etoys 3\Debug\link.1056-cvtres.write.1.tlog
C:\Users\MTeragni\Desktop\ImageAnalyzer - for etoys 3\Debug\link.1500.read.1.tlog
C:\Users\MTeragni\Desktop\ImageAnalyzer - for etoys 3\Debug\link.1500.write.1.tlog
C:\Users\MTeragni\Desktop\ImageAnalyzer - for etoys 3\Debug\link.1500-cvtres.read.1.tlog
C:\Users\MTeragni\Desktop\ImageAnalyzer - for etoys 3\Debug\link.1500-cvtres.write.1.tlog
C:\Users\MTeragni\Desktop\ImageAnalyzer - for etoys 3\Debug\link.1824.read.1.tlog
C:\Users\MTeragni\Desktop\ImageAnalyzer - for etoys 3\Debug\link.1824.write.1.tlog
C:\Users\MTeragni\Desktop\ImageAnalyzer - for etoys 3\Debug\link.1824-cvtres.read.1.tlog
C:\Users\MTeragni\Desktop\ImageAnalyzer - for etoys 3\Debug\link.1824-cvtres.write.1.tlog
C:\Users\MTeragni\Desktop\ImageAnalyzer - for etoys 3\Debug\link.3540.read.1.tlog
C:\Users\MTeragni\Desktop\ImageAnalyzer - for etoys 3\Debug\link.3540.write.1.tlog
C:\Users\MTeragni\Desktop\ImageAnalyzer - for etoys 3\Debug\link.3540-cvtres.read.1.tlog
C:\Users\MTeragni\Desktop\ImageAnalyzer - for etoys 3\Debug\link.3540-cvtres.write.1.tlog
C:\Users\MTeragni\Desktop\ImageAnalyzer - for etoys 3\Debug\link.3988.read.1.tlog
C:\Users\MTeragni\Desktop\ImageAnalyzer - for etoys 3\Debug\link.3988.write.1.tlog
C:\Users\MTeragni\Desktop\ImageAnalyzer - for etoys 3\Debug\link.3988-cvtres.read.1.tlog
C:\Users\MTeragni\Desktop\ImageAnalyzer - for etoys 3\Debug\link.3988-cvtres.write.1.tlog
C:\Users\MTeragni\Desktop\ImageAnalyzer - for etoys 3\Debug\link.4072.read.1.tlog
C:\Users\MTeragni\Desktop\ImageAnalyzer - for etoys 3\Debug\link.4072.write.1.tlog
C:\Users\MTeragni\Desktop\ImageAnalyzer - for etoys 3\Debug\link.4072-cvtres.read.1.tlog
C:\Users\MTeragni\Desktop\ImageAnalyzer - for etoys 3\Debug\link.4072-cvtres.write.1.tlog
C:\Users\MTeragni\Desktop\ImageAnalyzer - for etoys 3\Debug\link.4292.read.1.tlog
C:\Users\MTeragni\Desktop\ImageAnalyzer - for etoys 3\Debug\link.4292.write.1.tlog
C:\Users\MTeragni\Desktop\ImageAnalyzer - for etoys 3\Debug\link.4292-cvtres.read.1.tlog
C:\Users\MTeragni\Desktop\ImageAnalyzer - for etoys 3\Debug\link.4292-cvtres.write.1.tlog
C:\Users\MTeragni\Desktop\ImageAnalyzer - for etoys 3\Debug\link.4844.read.1.tlog
C:\Users\MTeragni\Desktop\ImageAnalyzer - for etoys 3\Debug\link.4844.write.1.tlog
C:\Users\MTeragni\Desktop\ImageAnalyzer - for etoys 3\Debug\link.4844-cvtres.read.1.tlog
C:\Users\MTeragni\Desktop\ImageAnalyzer - for etoys 3\Debug\link.4844-cvtres.write.1.tlog
C:\Users\MTeragni\Desktop\ImageAnalyzer - for etoys 3\Debug\link.4904.read.1.tlog
C:\Users\MTeragni\Desktop\ImageAnalyzer - for etoys 3\Debug\link.4904.write.1.tlog
C:\Users\MTeragni\Desktop\ImageAnalyzer - for etoys 3\Debug\link.4904-cvtres.read.1.tlog
C:\Users\MTeragni\Desktop\ImageAnalyzer - for etoys 3\Debug\link.4904-cvtres.write.1.tlog
C:\Users\MTeragni\Desktop\ImageAnalyzer - for etoys 3\Debug\link.5056.read.1.tlog
C:\Users\MTeragni\Desktop\ImageAnalyzer - for etoys 3\Debug\link.5056.write.1.tlog
C:\Users\MTeragni\Desktop\ImageAnalyzer - for etoys 3\Debug\link.5056-cvtres.read.1.tlog
C:\Users\MTeragni\Desktop\ImageAnalyzer - for etoys 3\Debug\link.5056-cvtres.write.1.tlog
C:\Users\MTeragni\Desktop\ImageAnalyzer - for etoys 3\Debug\link.5076.read.1.tlog
C:\Users\MTeragni\Desktop\ImageAnalyzer - for etoys 3\Debug\link.5076.write.1.tlog
C:\Users\MTeragni\Desktop\ImageAnalyzer - for etoys 3\Debug\link.5076-cvtres.read.1.tlog
C:\Users\MTeragni\Desktop\ImageAnalyzer - for etoys 3\Debug\link.5076-cvtres.write.1.tlog
C:\Users\MTeragni\Desktop\ImageAnalyzer - for etoys 3\Debug\link.5392.read.1.tlog
C:\Users\MTeragni\Desktop\ImageAnalyzer - for etoys 3\Debug\link.5392.write.1.tlog
C:\Users\MTeragni\Desktop\ImageAnalyzer - for etoys 3\Debug\link.5392-cvtres.read.1.tlog
C:\Users\MTeragni\Desktop\ImageAnalyzer - for etoys 3\Debug\link.5392-cvtres.write.1.tlog
C:\Users\MTeragni\Desktop\ImageAnalyzer - for etoys 3\Debug\link.5852.read.1.tlog
C:\Users\MTeragni\Desktop\ImageAnalyzer - for etoys 3\Debug\link.5852.write.1.tlog
C:\Users\MTeragni\Desktop\ImageAnalyzer - for etoys 3\Debug\link.5852-cvtres.read.1.tlog
C:\Users\MTeragni\Desktop\ImageAnalyzer - for etoys 3\Debug\link.5852-cvtres.write.1.tlog
C:\Users\MTeragni\Desktop\ImageAnalyzer - for etoys 3\Debug\link.5864.read.1.tlog
C:\Users\MTeragni\Desktop\ImageAnalyzer - for etoys 3\Debug\link.5864.write.1.tlog
C:\Users\MTeragni\Desktop\ImageAnalyzer - for etoys 3\Debug\link.5864-cvtres.read.1.tlog
C:\Users\MTeragni\Desktop\ImageAnalyzer - for etoys 3\Debug\link.5864-cvtres.write.1.tlog
C:\Users\MTeragni\Desktop\ImageAnalyzer - for etoys 3\Debug\link.5940.read.1.tlog
C:\Users\MTeragni\Desktop\ImageAnalyzer - for etoys 3\Debug\link.5940.write.1.tlog
C:\Users\MTeragni\Desktop\ImageAnalyzer - for etoys 3\Debug\link.5940-cvtres.read.1.tlog
C:\Users\MTeragni\Desktop\ImageAnalyzer - for etoys 3\Debug\link.5940-cvtres.write.1.tlog
C:\Users\MTeragni\Desktop\ImageAnalyzer - for etoys 3\Debug\link.5980.read.1.tlog
C:\Users\MTeragni\Desktop\ImageAnalyzer - for etoys 3\Debug\link.5980.write.1.tlog
C:\Users\MTeragni\Desktop\ImageAnalyzer - for etoys 3\Debug\link.5980-cvtres.read.1.tlog
C:\Users\MTeragni\Desktop\ImageAnalyzer - for etoys 3\Debug\link.5980-cvtres.write.1.tlog
C:\Users\MTeragni\Desktop\ImageAnalyzer - for etoys 3\Debug\link.712.read.1.tlog
C:\Users\MTeragni\Desktop\ImageAnalyzer - for etoys 3\Debug\link.712.write.1.tlog
C:\Users\MTeragni\Desktop\ImageAnalyzer - for etoys 3\Debug\link.712-cvtres.read.1.tlog
C:\Users\MTeragni\Desktop\ImageAnalyzer - for etoys 3\Debug\link.712-cvtres.write.1.tlog
C:\Users\MTeragni\Desktop\ImageAnalyzer - for etoys 3\Debug\link.command.1.tlog
C:\Users\MTeragni\Desktop\ImageAnalyzer - for etoys 3\Debug\link.read.1.tlog
C:\Users\MTeragni\Desktop\ImageAnalyzer - for etoys 3\Debug\link.write.1.tlog
C:\Users\MTeragni\Desktop\ImageAnalyzer - for etoys 3\Debug\mt.command.1.tlog
C:\Users\MTeragni\Desktop\ImageAnalyzer - for etoys 3\Debug\mt.read.1.tlog
C:\Users\MTeragni\Desktop\ImageAnalyzer - for etoys 3\Debug\mt.write.1.tlog
C:\Users\MTeragni\Desktop\ImageAnalyzer - for etoys 3\Debug\rc.command.1.tlog
C:\Users\MTeragni\Desktop\ImageAnalyzer - for etoys 3\Debug\rc.read.1.tlog
C:\Users\MTeragni\Desktop\ImageAnalyzer - for etoys 3\Debug\rc.write.1.tlog
C:\USERS\MTERAGNI\DESKTOP\IMAGEANALYZER - FOR ETOYS 3\DEBUG\STDAFX.OBJ
C:\USERS\MTERAGNI\DESKTOP\IMAGEANALYZER - FOR ETOYS 3\DEBUG\VC100.PDB
