Compilación iniciada a las 17/09/2012 01:59:05 p.m..
     1>Proyecto "C:\Users\MTeragni\Desktop\ImageAnalyzer - for etoys 3\ImageAnalyzer.vcxproj" en el nodo 2 (build destinos).
     1>InitializeBuildStatus:
         Se creará "Debug\ImageAnalyzer.unsuccessfulbuild" porque se especificó "AlwaysCreate".
       ClCompile:
         c:\Program Files\Microsoft Visual Studio 10.0\VC\bin\CL.exe /c /ZI /nologo /W3 /WX- /Od /Oy- /D WIN32 /D _DEBUG /D _WINDLL /D _UNICODE /D UNICODE /Gm /EHsc /RTC1 /MTd /GS /fp:precise /Zc:wchar_t /Zc:forScope /Yc"StdAfx.h" /Fp"Debug\ImageAnalyzer.pch" /Fo"Debug\\" /Fd"Debug\vc100.pdb" /Gd /TP /analyze- /errorReport:prompt Stdafx.cpp
         Stdafx.cpp
         c:\Program Files\Microsoft Visual Studio 10.0\VC\bin\CL.exe /c /ZI /nologo /W3 /WX- /Od /Oy- /D WIN32 /D _DEBUG /D _WINDLL /D _UNICODE /D UNICODE /Gm /EHsc /RTC1 /MTd /GS /fp:precise /Zc:wchar_t /Zc:forScope /Yu"StdAfx.h" /Fp"Debug\ImageAnalyzer.pch" /Fo"Debug\\" /Fd"Debug\vc100.pdb" /Gd /TP /analyze- /errorReport:prompt ImageAnalyzer.cpp
         ImageAnalyzer.cpp
       ResourceCompile:
         C:\Program Files\Microsoft SDKs\Windows\v7.0A\bin\rc.exe /D _UNICODE /D UNICODE /l"0x0409" /nologo /fo"Debug\app.res" app.rc 
       ManifestResourceCompile:
         C:\Program Files\Microsoft SDKs\Windows\v7.0A\bin\rc.exe /nologo /fo"Debug\ImageAnalyzer.dll.embed.manifest.res" Debug\ImageAnalyzer_manifest.rc 
       Link:
         c:\Program Files\Microsoft Visual Studio 10.0\VC\bin\link.exe /ERRORREPORT:PROMPT /OUT:"C:\Users\MTeragni\Desktop\ImageAnalyzer - for etoys 3\Debug\ImageAnalyzer.dll" /INCREMENTAL /NOLOGO /MANIFEST /ManifestFile:"Debug\ImageAnalyzer.dll.intermediate.manifest" /MANIFESTUAC:"level='asInvoker' uiAccess='false'" /DEBUG /PDB:"C:\Users\MTeragni\Desktop\ImageAnalyzer - for etoys 3\Debug\ImageAnalyzer.pdb" /TLBID:1 /DYNAMICBASE /NXCOMPAT /IMPLIB:"C:\Users\MTeragni\Desktop\ImageAnalyzer - for etoys 3\Debug\ImageAnalyzer.lib" /MACHINE:X86 /DLL Debug\app.res
         Debug\ImageAnalyzer.dll.embed.manifest.res
         Debug\ImageAnalyzer.obj
         Debug\Stdafx.obj
            Creando biblioteca C:\Users\MTeragni\Desktop\ImageAnalyzer - for etoys 3\Debug\ImageAnalyzer.lib y objeto C:\Users\MTeragni\Desktop\ImageAnalyzer - for etoys 3\Debug\ImageAnalyzer.exp
       Manifest:
         C:\Program Files\Microsoft SDKs\Windows\v7.0A\bin\mt.exe /nologo /verbose /out:"Debug\ImageAnalyzer.dll.embed.manifest" /manifest Debug\ImageAnalyzer.dll.intermediate.manifest
         C:\Program Files\Microsoft SDKs\Windows\v7.0A\bin\rc.exe /nologo /fo"Debug\ImageAnalyzer.dll.embed.manifest.res" Debug\ImageAnalyzer_manifest.rc 
       LinkEmbedManifest:
         c:\Program Files\Microsoft Visual Studio 10.0\VC\bin\link.exe /ERRORREPORT:PROMPT /OUT:"C:\Users\MTeragni\Desktop\ImageAnalyzer - for etoys 3\Debug\ImageAnalyzer.dll" /INCREMENTAL /NOLOGO /MANIFEST /ManifestFile:"Debug\ImageAnalyzer.dll.intermediate.manifest" /MANIFESTUAC:"level='asInvoker' uiAccess='false'" /DEBUG /PDB:"C:\Users\MTeragni\Desktop\ImageAnalyzer - for etoys 3\Debug\ImageAnalyzer.pdb" /TLBID:1 /DYNAMICBASE /NXCOMPAT /IMPLIB:"C:\Users\MTeragni\Desktop\ImageAnalyzer - for etoys 3\Debug\ImageAnalyzer.lib" /MACHINE:X86 /DLL Debug\app.res
         Debug\ImageAnalyzer.dll.embed.manifest.res
         Debug\ImageAnalyzer.obj
         Debug\Stdafx.obj
         ImageAnalyzer.vcxproj -> C:\Users\MTeragni\Desktop\ImageAnalyzer - for etoys 3\Debug\ImageAnalyzer.dll
       FinalizeBuildStatus:
         Se eliminará el archivo "Debug\ImageAnalyzer.unsuccessfulbuild".
         Aplicando tarea Touch a "Debug\ImageAnalyzer.lastbuildstate".
     1>Compilación del proyecto terminada "C:\Users\MTeragni\Desktop\ImageAnalyzer - for etoys 3\ImageAnalyzer.vcxproj" (build destinos).

Compilación correcta.

Tiempo transcurrido 00:00:04.48
