C:\USERS\MTERAGNI\DOCUMENTS\VISUAL STUDIO 2010\PROJECTS\KINECT\DEBUG\KINECT.DLL
C:\Users\MTeragni\Documents\Visual Studio 2010\Projects\Kinect\Debug\Kinect.exp
C:\USERS\MTERAGNI\DOCUMENTS\VISUAL STUDIO 2010\PROJECTS\KINECT\DEBUG\KINECT.ILK
C:\Users\MTeragni\Documents\Visual Studio 2010\Projects\Kinect\Debug\Kinect.lib
C:\USERS\MTERAGNI\DOCUMENTS\VISUAL STUDIO 2010\PROJECTS\KINECT\DEBUG\KINECT.PDB
C:\USERS\MTERAGNI\DOCUMENTS\VISUAL STUDIO 2010\PROJECTS\KINECT\KINECT\DEBUG\.NETFRAMEWORK,VERSION=V4.0.ASSEMBLYATTRIBUTES.OBJ
C:\USERS\MTERAGNI\DOCUMENTS\VISUAL STUDIO 2010\PROJECTS\KINECT\KINECT\DEBUG\APP.RES
C:\USERS\MTERAGNI\DOCUMENTS\VISUAL STUDIO 2010\PROJECTS\KINECT\KINECT\DEBUG\ASSEMBLYINFO.OBJ
C:\Users\MTeragni\Documents\Visual Studio 2010\Projects\Kinect\Kinect\Debug\cl.command.1.tlog
C:\Users\MTeragni\Documents\Visual Studio 2010\Projects\Kinect\Kinect\Debug\CL.read.1.tlog
C:\Users\MTeragni\Documents\Visual Studio 2010\Projects\Kinect\Kinect\Debug\CL.write.1.tlog
C:\USERS\MTERAGNI\DOCUMENTS\VISUAL STUDIO 2010\PROJECTS\KINECT\KINECT\DEBUG\KINECT.DLL.INTERMEDIATE.MANIFEST
C:\USERS\MTERAGNI\DOCUMENTS\VISUAL STUDIO 2010\PROJECTS\KINECT\KINECT\DEBUG\KINECT.OBJ
C:\USERS\MTERAGNI\DOCUMENTS\VISUAL STUDIO 2010\PROJECTS\KINECT\KINECT\DEBUG\KINECT.PCH
C:\Users\MTeragni\Documents\Visual Studio 2010\Projects\Kinect\Kinect\Debug\Kinect.write.1.tlog
C:\Users\MTeragni\Documents\Visual Studio 2010\Projects\Kinect\Kinect\Debug\link.1056.read.1.tlog
C:\Users\MTeragni\Documents\Visual Studio 2010\Projects\Kinect\Kinect\Debug\link.1056.write.1.tlog
C:\Users\MTeragni\Documents\Visual Studio 2010\Projects\Kinect\Kinect\Debug\link.1056-cvtres.read.1.tlog
C:\Users\MTeragni\Documents\Visual Studio 2010\Projects\Kinect\Kinect\Debug\link.1056-cvtres.write.1.tlog
C:\Users\MTeragni\Documents\Visual Studio 2010\Projects\Kinect\Kinect\Debug\link.1308.read.1.tlog
C:\Users\MTeragni\Documents\Visual Studio 2010\Projects\Kinect\Kinect\Debug\link.1308.write.1.tlog
C:\Users\MTeragni\Documents\Visual Studio 2010\Projects\Kinect\Kinect\Debug\link.1308-cvtres.read.1.tlog
C:\Users\MTeragni\Documents\Visual Studio 2010\Projects\Kinect\Kinect\Debug\link.1308-cvtres.write.1.tlog
C:\Users\MTeragni\Documents\Visual Studio 2010\Projects\Kinect\Kinect\Debug\link.1428.read.1.tlog
C:\Users\MTeragni\Documents\Visual Studio 2010\Projects\Kinect\Kinect\Debug\link.1428.write.1.tlog
C:\Users\MTeragni\Documents\Visual Studio 2010\Projects\Kinect\Kinect\Debug\link.1428-cvtres.read.1.tlog
C:\Users\MTeragni\Documents\Visual Studio 2010\Projects\Kinect\Kinect\Debug\link.1428-cvtres.write.1.tlog
C:\Users\MTeragni\Documents\Visual Studio 2010\Projects\Kinect\Kinect\Debug\link.1476.read.1.tlog
C:\Users\MTeragni\Documents\Visual Studio 2010\Projects\Kinect\Kinect\Debug\link.1476.write.1.tlog
C:\Users\MTeragni\Documents\Visual Studio 2010\Projects\Kinect\Kinect\Debug\link.1476-cvtres.read.1.tlog
C:\Users\MTeragni\Documents\Visual Studio 2010\Projects\Kinect\Kinect\Debug\link.1476-cvtres.write.1.tlog
C:\Users\MTeragni\Documents\Visual Studio 2010\Projects\Kinect\Kinect\Debug\link.1548.read.1.tlog
C:\Users\MTeragni\Documents\Visual Studio 2010\Projects\Kinect\Kinect\Debug\link.1548.write.1.tlog
C:\Users\MTeragni\Documents\Visual Studio 2010\Projects\Kinect\Kinect\Debug\link.1548-cvtres.read.1.tlog
C:\Users\MTeragni\Documents\Visual Studio 2010\Projects\Kinect\Kinect\Debug\link.1548-cvtres.write.1.tlog
C:\Users\MTeragni\Documents\Visual Studio 2010\Projects\Kinect\Kinect\Debug\link.2584.read.1.tlog
C:\Users\MTeragni\Documents\Visual Studio 2010\Projects\Kinect\Kinect\Debug\link.2584.write.1.tlog
C:\Users\MTeragni\Documents\Visual Studio 2010\Projects\Kinect\Kinect\Debug\link.2584-cvtres.read.1.tlog
C:\Users\MTeragni\Documents\Visual Studio 2010\Projects\Kinect\Kinect\Debug\link.2584-cvtres.write.1.tlog
C:\Users\MTeragni\Documents\Visual Studio 2010\Projects\Kinect\Kinect\Debug\link.3364.read.1.tlog
C:\Users\MTeragni\Documents\Visual Studio 2010\Projects\Kinect\Kinect\Debug\link.3364.write.1.tlog
C:\Users\MTeragni\Documents\Visual Studio 2010\Projects\Kinect\Kinect\Debug\link.3364-cvtres.read.1.tlog
C:\Users\MTeragni\Documents\Visual Studio 2010\Projects\Kinect\Kinect\Debug\link.3364-cvtres.write.1.tlog
C:\Users\MTeragni\Documents\Visual Studio 2010\Projects\Kinect\Kinect\Debug\link.344.read.1.tlog
C:\Users\MTeragni\Documents\Visual Studio 2010\Projects\Kinect\Kinect\Debug\link.344.write.1.tlog
C:\Users\MTeragni\Documents\Visual Studio 2010\Projects\Kinect\Kinect\Debug\link.3440.read.1.tlog
C:\Users\MTeragni\Documents\Visual Studio 2010\Projects\Kinect\Kinect\Debug\link.3440.write.1.tlog
C:\Users\MTeragni\Documents\Visual Studio 2010\Projects\Kinect\Kinect\Debug\link.3440-cvtres.read.1.tlog
C:\Users\MTeragni\Documents\Visual Studio 2010\Projects\Kinect\Kinect\Debug\link.3440-cvtres.write.1.tlog
C:\Users\MTeragni\Documents\Visual Studio 2010\Projects\Kinect\Kinect\Debug\link.344-cvtres.read.1.tlog
C:\Users\MTeragni\Documents\Visual Studio 2010\Projects\Kinect\Kinect\Debug\link.344-cvtres.write.1.tlog
C:\Users\MTeragni\Documents\Visual Studio 2010\Projects\Kinect\Kinect\Debug\link.3808.read.1.tlog
C:\Users\MTeragni\Documents\Visual Studio 2010\Projects\Kinect\Kinect\Debug\link.3808.write.1.tlog
C:\Users\MTeragni\Documents\Visual Studio 2010\Projects\Kinect\Kinect\Debug\link.3808-cvtres.read.1.tlog
C:\Users\MTeragni\Documents\Visual Studio 2010\Projects\Kinect\Kinect\Debug\link.3808-cvtres.write.1.tlog
C:\Users\MTeragni\Documents\Visual Studio 2010\Projects\Kinect\Kinect\Debug\link.3868.read.1.tlog
C:\Users\MTeragni\Documents\Visual Studio 2010\Projects\Kinect\Kinect\Debug\link.3868.write.1.tlog
C:\Users\MTeragni\Documents\Visual Studio 2010\Projects\Kinect\Kinect\Debug\link.3868-cvtres.read.1.tlog
C:\Users\MTeragni\Documents\Visual Studio 2010\Projects\Kinect\Kinect\Debug\link.3868-cvtres.write.1.tlog
C:\Users\MTeragni\Documents\Visual Studio 2010\Projects\Kinect\Kinect\Debug\link.4000.read.1.tlog
C:\Users\MTeragni\Documents\Visual Studio 2010\Projects\Kinect\Kinect\Debug\link.4000.write.1.tlog
C:\Users\MTeragni\Documents\Visual Studio 2010\Projects\Kinect\Kinect\Debug\link.4000-cvtres.read.1.tlog
C:\Users\MTeragni\Documents\Visual Studio 2010\Projects\Kinect\Kinect\Debug\link.4000-cvtres.write.1.tlog
C:\Users\MTeragni\Documents\Visual Studio 2010\Projects\Kinect\Kinect\Debug\link.4024.read.1.tlog
C:\Users\MTeragni\Documents\Visual Studio 2010\Projects\Kinect\Kinect\Debug\link.4024.write.1.tlog
C:\Users\MTeragni\Documents\Visual Studio 2010\Projects\Kinect\Kinect\Debug\link.4024-cvtres.read.1.tlog
C:\Users\MTeragni\Documents\Visual Studio 2010\Projects\Kinect\Kinect\Debug\link.4024-cvtres.write.1.tlog
C:\Users\MTeragni\Documents\Visual Studio 2010\Projects\Kinect\Kinect\Debug\link.4092.read.1.tlog
C:\Users\MTeragni\Documents\Visual Studio 2010\Projects\Kinect\Kinect\Debug\link.4092.write.1.tlog
C:\Users\MTeragni\Documents\Visual Studio 2010\Projects\Kinect\Kinect\Debug\link.4092-cvtres.read.1.tlog
C:\Users\MTeragni\Documents\Visual Studio 2010\Projects\Kinect\Kinect\Debug\link.4092-cvtres.write.1.tlog
C:\Users\MTeragni\Documents\Visual Studio 2010\Projects\Kinect\Kinect\Debug\link.4136.read.1.tlog
C:\Users\MTeragni\Documents\Visual Studio 2010\Projects\Kinect\Kinect\Debug\link.4136.write.1.tlog
C:\Users\MTeragni\Documents\Visual Studio 2010\Projects\Kinect\Kinect\Debug\link.4136-cvtres.read.1.tlog
C:\Users\MTeragni\Documents\Visual Studio 2010\Projects\Kinect\Kinect\Debug\link.4136-cvtres.write.1.tlog
C:\Users\MTeragni\Documents\Visual Studio 2010\Projects\Kinect\Kinect\Debug\link.4164.read.1.tlog
C:\Users\MTeragni\Documents\Visual Studio 2010\Projects\Kinect\Kinect\Debug\link.4164.write.1.tlog
C:\Users\MTeragni\Documents\Visual Studio 2010\Projects\Kinect\Kinect\Debug\link.4164-cvtres.read.1.tlog
C:\Users\MTeragni\Documents\Visual Studio 2010\Projects\Kinect\Kinect\Debug\link.4164-cvtres.write.1.tlog
C:\Users\MTeragni\Documents\Visual Studio 2010\Projects\Kinect\Kinect\Debug\link.4248.read.1.tlog
C:\Users\MTeragni\Documents\Visual Studio 2010\Projects\Kinect\Kinect\Debug\link.4248.write.1.tlog
C:\Users\MTeragni\Documents\Visual Studio 2010\Projects\Kinect\Kinect\Debug\link.4248-cvtres.read.1.tlog
C:\Users\MTeragni\Documents\Visual Studio 2010\Projects\Kinect\Kinect\Debug\link.4248-cvtres.write.1.tlog
C:\Users\MTeragni\Documents\Visual Studio 2010\Projects\Kinect\Kinect\Debug\link.4352.read.1.tlog
C:\Users\MTeragni\Documents\Visual Studio 2010\Projects\Kinect\Kinect\Debug\link.4352.write.1.tlog
C:\Users\MTeragni\Documents\Visual Studio 2010\Projects\Kinect\Kinect\Debug\link.4352-cvtres.read.1.tlog
C:\Users\MTeragni\Documents\Visual Studio 2010\Projects\Kinect\Kinect\Debug\link.4352-cvtres.write.1.tlog
C:\Users\MTeragni\Documents\Visual Studio 2010\Projects\Kinect\Kinect\Debug\link.4456.read.1.tlog
C:\Users\MTeragni\Documents\Visual Studio 2010\Projects\Kinect\Kinect\Debug\link.4456.write.1.tlog
C:\Users\MTeragni\Documents\Visual Studio 2010\Projects\Kinect\Kinect\Debug\link.4456-cvtres.read.1.tlog
C:\Users\MTeragni\Documents\Visual Studio 2010\Projects\Kinect\Kinect\Debug\link.4456-cvtres.write.1.tlog
C:\Users\MTeragni\Documents\Visual Studio 2010\Projects\Kinect\Kinect\Debug\link.4480.read.1.tlog
C:\Users\MTeragni\Documents\Visual Studio 2010\Projects\Kinect\Kinect\Debug\link.4480.write.1.tlog
C:\Users\MTeragni\Documents\Visual Studio 2010\Projects\Kinect\Kinect\Debug\link.4480-cvtres.read.1.tlog
C:\Users\MTeragni\Documents\Visual Studio 2010\Projects\Kinect\Kinect\Debug\link.4480-cvtres.write.1.tlog
C:\Users\MTeragni\Documents\Visual Studio 2010\Projects\Kinect\Kinect\Debug\link.4648.read.1.tlog
C:\Users\MTeragni\Documents\Visual Studio 2010\Projects\Kinect\Kinect\Debug\link.4648.write.1.tlog
C:\Users\MTeragni\Documents\Visual Studio 2010\Projects\Kinect\Kinect\Debug\link.4648-cvtres.read.1.tlog
C:\Users\MTeragni\Documents\Visual Studio 2010\Projects\Kinect\Kinect\Debug\link.4648-cvtres.write.1.tlog
C:\Users\MTeragni\Documents\Visual Studio 2010\Projects\Kinect\Kinect\Debug\link.4828.read.1.tlog
C:\Users\MTeragni\Documents\Visual Studio 2010\Projects\Kinect\Kinect\Debug\link.4828.write.1.tlog
C:\Users\MTeragni\Documents\Visual Studio 2010\Projects\Kinect\Kinect\Debug\link.4828-cvtres.read.1.tlog
C:\Users\MTeragni\Documents\Visual Studio 2010\Projects\Kinect\Kinect\Debug\link.4828-cvtres.write.1.tlog
C:\Users\MTeragni\Documents\Visual Studio 2010\Projects\Kinect\Kinect\Debug\link.5056.read.1.tlog
C:\Users\MTeragni\Documents\Visual Studio 2010\Projects\Kinect\Kinect\Debug\link.5056.write.1.tlog
C:\Users\MTeragni\Documents\Visual Studio 2010\Projects\Kinect\Kinect\Debug\link.5056-cvtres.read.1.tlog
C:\Users\MTeragni\Documents\Visual Studio 2010\Projects\Kinect\Kinect\Debug\link.5056-cvtres.write.1.tlog
C:\Users\MTeragni\Documents\Visual Studio 2010\Projects\Kinect\Kinect\Debug\link.5308.read.1.tlog
C:\Users\MTeragni\Documents\Visual Studio 2010\Projects\Kinect\Kinect\Debug\link.5308.write.1.tlog
C:\Users\MTeragni\Documents\Visual Studio 2010\Projects\Kinect\Kinect\Debug\link.5308-cvtres.read.1.tlog
C:\Users\MTeragni\Documents\Visual Studio 2010\Projects\Kinect\Kinect\Debug\link.5308-cvtres.write.1.tlog
C:\Users\MTeragni\Documents\Visual Studio 2010\Projects\Kinect\Kinect\Debug\link.5316.read.1.tlog
C:\Users\MTeragni\Documents\Visual Studio 2010\Projects\Kinect\Kinect\Debug\link.5316.write.1.tlog
C:\Users\MTeragni\Documents\Visual Studio 2010\Projects\Kinect\Kinect\Debug\link.5316-cvtres.read.1.tlog
C:\Users\MTeragni\Documents\Visual Studio 2010\Projects\Kinect\Kinect\Debug\link.5316-cvtres.write.1.tlog
C:\Users\MTeragni\Documents\Visual Studio 2010\Projects\Kinect\Kinect\Debug\link.5336.read.1.tlog
C:\Users\MTeragni\Documents\Visual Studio 2010\Projects\Kinect\Kinect\Debug\link.5336.write.1.tlog
C:\Users\MTeragni\Documents\Visual Studio 2010\Projects\Kinect\Kinect\Debug\link.5336-cvtres.read.1.tlog
C:\Users\MTeragni\Documents\Visual Studio 2010\Projects\Kinect\Kinect\Debug\link.5336-cvtres.write.1.tlog
C:\Users\MTeragni\Documents\Visual Studio 2010\Projects\Kinect\Kinect\Debug\link.5432.read.1.tlog
C:\Users\MTeragni\Documents\Visual Studio 2010\Projects\Kinect\Kinect\Debug\link.5432.write.1.tlog
C:\Users\MTeragni\Documents\Visual Studio 2010\Projects\Kinect\Kinect\Debug\link.5432-cvtres.read.1.tlog
C:\Users\MTeragni\Documents\Visual Studio 2010\Projects\Kinect\Kinect\Debug\link.5432-cvtres.write.1.tlog
C:\Users\MTeragni\Documents\Visual Studio 2010\Projects\Kinect\Kinect\Debug\link.5444.read.1.tlog
C:\Users\MTeragni\Documents\Visual Studio 2010\Projects\Kinect\Kinect\Debug\link.5444.write.1.tlog
C:\Users\MTeragni\Documents\Visual Studio 2010\Projects\Kinect\Kinect\Debug\link.5444-cvtres.read.1.tlog
C:\Users\MTeragni\Documents\Visual Studio 2010\Projects\Kinect\Kinect\Debug\link.5444-cvtres.write.1.tlog
C:\Users\MTeragni\Documents\Visual Studio 2010\Projects\Kinect\Kinect\Debug\link.5484.read.1.tlog
C:\Users\MTeragni\Documents\Visual Studio 2010\Projects\Kinect\Kinect\Debug\link.5484.write.1.tlog
C:\Users\MTeragni\Documents\Visual Studio 2010\Projects\Kinect\Kinect\Debug\link.5484-cvtres.read.1.tlog
C:\Users\MTeragni\Documents\Visual Studio 2010\Projects\Kinect\Kinect\Debug\link.5484-cvtres.write.1.tlog
C:\Users\MTeragni\Documents\Visual Studio 2010\Projects\Kinect\Kinect\Debug\link.5812.read.1.tlog
C:\Users\MTeragni\Documents\Visual Studio 2010\Projects\Kinect\Kinect\Debug\link.5812.write.1.tlog
C:\Users\MTeragni\Documents\Visual Studio 2010\Projects\Kinect\Kinect\Debug\link.5812-cvtres.read.1.tlog
C:\Users\MTeragni\Documents\Visual Studio 2010\Projects\Kinect\Kinect\Debug\link.5812-cvtres.write.1.tlog
C:\Users\MTeragni\Documents\Visual Studio 2010\Projects\Kinect\Kinect\Debug\link.5820.read.1.tlog
C:\Users\MTeragni\Documents\Visual Studio 2010\Projects\Kinect\Kinect\Debug\link.5820.write.1.tlog
C:\Users\MTeragni\Documents\Visual Studio 2010\Projects\Kinect\Kinect\Debug\link.5820-cvtres.read.1.tlog
C:\Users\MTeragni\Documents\Visual Studio 2010\Projects\Kinect\Kinect\Debug\link.5820-cvtres.write.1.tlog
C:\Users\MTeragni\Documents\Visual Studio 2010\Projects\Kinect\Kinect\Debug\link.6020.read.1.tlog
C:\Users\MTeragni\Documents\Visual Studio 2010\Projects\Kinect\Kinect\Debug\link.6020.write.1.tlog
C:\Users\MTeragni\Documents\Visual Studio 2010\Projects\Kinect\Kinect\Debug\link.6020-cvtres.read.1.tlog
C:\Users\MTeragni\Documents\Visual Studio 2010\Projects\Kinect\Kinect\Debug\link.6020-cvtres.write.1.tlog
C:\Users\MTeragni\Documents\Visual Studio 2010\Projects\Kinect\Kinect\Debug\link.6092.read.1.tlog
C:\Users\MTeragni\Documents\Visual Studio 2010\Projects\Kinect\Kinect\Debug\link.6092.write.1.tlog
C:\Users\MTeragni\Documents\Visual Studio 2010\Projects\Kinect\Kinect\Debug\link.6092-cvtres.read.1.tlog
C:\Users\MTeragni\Documents\Visual Studio 2010\Projects\Kinect\Kinect\Debug\link.6092-cvtres.write.1.tlog
C:\Users\MTeragni\Documents\Visual Studio 2010\Projects\Kinect\Kinect\Debug\link.6132.read.1.tlog
C:\Users\MTeragni\Documents\Visual Studio 2010\Projects\Kinect\Kinect\Debug\link.6132.write.1.tlog
C:\Users\MTeragni\Documents\Visual Studio 2010\Projects\Kinect\Kinect\Debug\link.6132-cvtres.read.1.tlog
C:\Users\MTeragni\Documents\Visual Studio 2010\Projects\Kinect\Kinect\Debug\link.6132-cvtres.write.1.tlog
C:\Users\MTeragni\Documents\Visual Studio 2010\Projects\Kinect\Kinect\Debug\link.696.read.1.tlog
C:\Users\MTeragni\Documents\Visual Studio 2010\Projects\Kinect\Kinect\Debug\link.696.write.1.tlog
C:\Users\MTeragni\Documents\Visual Studio 2010\Projects\Kinect\Kinect\Debug\link.696-cvtres.read.1.tlog
C:\Users\MTeragni\Documents\Visual Studio 2010\Projects\Kinect\Kinect\Debug\link.696-cvtres.write.1.tlog
C:\Users\MTeragni\Documents\Visual Studio 2010\Projects\Kinect\Kinect\Debug\link.804.read.1.tlog
C:\Users\MTeragni\Documents\Visual Studio 2010\Projects\Kinect\Kinect\Debug\link.804.write.1.tlog
C:\Users\MTeragni\Documents\Visual Studio 2010\Projects\Kinect\Kinect\Debug\link.804-cvtres.read.1.tlog
C:\Users\MTeragni\Documents\Visual Studio 2010\Projects\Kinect\Kinect\Debug\link.804-cvtres.write.1.tlog
C:\Users\MTeragni\Documents\Visual Studio 2010\Projects\Kinect\Kinect\Debug\link.884.read.1.tlog
C:\Users\MTeragni\Documents\Visual Studio 2010\Projects\Kinect\Kinect\Debug\link.884.write.1.tlog
C:\Users\MTeragni\Documents\Visual Studio 2010\Projects\Kinect\Kinect\Debug\link.884-cvtres.read.1.tlog
C:\Users\MTeragni\Documents\Visual Studio 2010\Projects\Kinect\Kinect\Debug\link.884-cvtres.write.1.tlog
C:\Users\MTeragni\Documents\Visual Studio 2010\Projects\Kinect\Kinect\Debug\link.command.1.tlog
C:\Users\MTeragni\Documents\Visual Studio 2010\Projects\Kinect\Kinect\Debug\link.read.1.tlog
C:\Users\MTeragni\Documents\Visual Studio 2010\Projects\Kinect\Kinect\Debug\link.write.1.tlog
C:\Users\MTeragni\Documents\Visual Studio 2010\Projects\Kinect\Kinect\Debug\mt.command.1.tlog
C:\Users\MTeragni\Documents\Visual Studio 2010\Projects\Kinect\Kinect\Debug\mt.read.1.tlog
C:\Users\MTeragni\Documents\Visual Studio 2010\Projects\Kinect\Kinect\Debug\mt.write.1.tlog
C:\Users\MTeragni\Documents\Visual Studio 2010\Projects\Kinect\Kinect\Debug\rc.command.1.tlog
C:\Users\MTeragni\Documents\Visual Studio 2010\Projects\Kinect\Kinect\Debug\rc.read.1.tlog
C:\Users\MTeragni\Documents\Visual Studio 2010\Projects\Kinect\Kinect\Debug\rc.write.1.tlog
C:\USERS\MTERAGNI\DOCUMENTS\VISUAL STUDIO 2010\PROJECTS\KINECT\KINECT\DEBUG\STDAFX.OBJ
C:\USERS\MTERAGNI\DOCUMENTS\VISUAL STUDIO 2010\PROJECTS\KINECT\KINECT\DEBUG\VC100.PDB
